This file contains any messages produced by compilers while
running configure, to aid debugging if configure makes a mistake.

It was created by cpktool configure 0.8, which was
generated by GNU Autoconf 2.61.  Invocation command line was

  $ ./configure 

## --------- ##
## Platform. ##
## --------- ##

hostname = tatooine.local
uname -m = x86_64
uname -r = 14.3.0
uname -s = Darwin
uname -v = Darwin Kernel Version 14.3.0: Mon Mar 23 11:59:05 PDT 2015; root:xnu-2782.20.48~5/RELEASE_X86_64

/usr/bin/uname -p = i386
/bin/uname -X     = unknown

/bin/arch              = unknown
/usr/bin/arch -k       = unknown
/usr/convex/getsysinfo = unknown
/usr/bin/hostinfo      = Mach kernel version:
	 Darwin Kernel Version 14.3.0: Mon Mar 23 11:59:05 PDT 2015; root:xnu-2782.20.48~5/RELEASE_X86_64
Kernel configured for up to 4 processors.
2 processors are physically available.
4 processors are logically available.
Processor type: x86_64h (Intel x86-64h Haswell)
Processors active: 0 1 2 3
Primary memory available: 8.00 gigabytes
Default processor set: 199 tasks, 787 threads, 4 processors
Load average: 1.94, Mach factor: 2.04
/bin/machine           = unknown
/usr/bin/oslevel       = unknown
/bin/universe          = unknown

PATH: /usr/local/bin
PATH: /usr/bin
PATH: /bin
PATH: /usr/sbin
PATH: /sbin
PATH: /opt/X11/bin
PATH: /usr/texbin
PATH: /Users/guanzhi/Applications/sage


## ----------- ##
## Core tests. ##
## ----------- ##

configure:1962: checking for a BSD-compatible install
configure:2018: result: /usr/bin/install -c
configure:2029: checking whether build environment is sane
configure:2072: result: yes
configure:2100: checking for a thread-safe mkdir -p
configure:2139: result: ./install-sh -c -d
configure:2152: checking for gawk
configure:2182: result: no
configure:2152: checking for mawk
configure:2182: result: no
configure:2152: checking for nawk
configure:2182: result: no
configure:2152: checking for awk
configure:2168: found /usr/bin/awk
configure:2179: result: awk
configure:2190: checking whether make sets $(MAKE)
configure:2211: result: yes
configure:2438: checking for gcc
configure:2454: found /usr/bin/gcc
configure:2465: result: gcc
configure:2703: checking for C compiler version
configure:2710: gcc --version >&5
Configured with: --prefix=/Applications/Xcode.app/Contents/Developer/usr --with-gxx-include-dir=/usr/include/c++/4.2.1
Apple LLVM version 6.1.0 (clang-602.0.53) (based on LLVM 3.6.0svn)
Target: x86_64-apple-darwin14.3.0
Thread model: posix
configure:2713: $? = 0
configure:2720: gcc -v >&5
Configured with: --prefix=/Applications/Xcode.app/Contents/Developer/usr --with-gxx-include-dir=/usr/include/c++/4.2.1
Apple LLVM version 6.1.0 (clang-602.0.53) (based on LLVM 3.6.0svn)
Target: x86_64-apple-darwin14.3.0
Thread model: posix
configure:2723: $? = 0
configure:2730: gcc -V >&5
clang: error: argument to '-V' is missing (expected 1 value)
clang: error: no input files
configure:2733: $? = 1
configure:2756: checking for C compiler default output file name
configure:2783: gcc    conftest.c  >&5
configure:2786: $? = 0
configure:2824: result: a.out
configure:2841: checking whether the C compiler works
configure:2851: ./a.out
configure:2854: $? = 0
configure:2871: result: yes
configure:2878: checking whether we are cross compiling
configure:2880: result: no
configure:2883: checking for suffix of executables
configure:2890: gcc -o conftest    conftest.c  >&5
configure:2893: $? = 0
configure:2917: result: 
configure:2923: checking for suffix of object files
configure:2949: gcc -c   conftest.c >&5
configure:2952: $? = 0
configure:2975: result: o
configure:2979: checking whether we are using the GNU C compiler
configure:3008: gcc -c   conftest.c >&5
configure:3014: $? = 0
configure:3031: result: yes
configure:3036: checking whether gcc accepts -g
configure:3066: gcc -c -g  conftest.c >&5
configure:3072: $? = 0
configure:3171: result: yes
configure:3188: checking for gcc option to accept ISO C89
configure:3262: gcc  -c -g -O2  conftest.c >&5
configure:3268: $? = 0
configure:3291: result: none needed
configure:3320: checking for style of include used by make
configure:3348: result: GNU
configure:3373: checking dependency style of gcc
configure:3464: result: gcc3
configure:3492: checking for a BSD-compatible install
configure:3548: result: /usr/bin/install -c
configure:3560: checking whether gcc and cc understand -c and -o together
configure:3595: gcc -c conftest.c -o conftest2.o >&5
configure:3598: $? = 0
configure:3604: gcc -c conftest.c -o conftest2.o >&5
configure:3607: $? = 0
configure:3618: cc -c conftest.c >&5
configure:3621: $? = 0
configure:3629: cc -c conftest.c -o conftest2.o >&5
configure:3632: $? = 0
configure:3638: cc -c conftest.c -o conftest2.o >&5
configure:3641: $? = 0
configure:3659: result: yes
configure:3717: checking build system type
configure:3735: result: i386-apple-darwin14.3.0
configure:3757: checking host system type
configure:3772: result: i386-apple-darwin14.3.0
configure:3794: checking for a sed that does not truncate output
configure:3873: result: /usr/bin/sed
configure:3891: checking for grep that handles long lines and -e
configure:3965: result: /usr/bin/grep
configure:3970: checking for egrep
configure:4048: result: /usr/bin/grep -E
configure:4053: checking for fgrep
configure:4131: result: /usr/bin/grep -F
configure:4166: checking for ld used by gcc
configure:4233: result: /Applications/Xcode.app/Contents/Developer/Toolchains/XcodeDefault.xctoolchain/usr/bin/ld
configure:4242: checking if the linker (/Applications/Xcode.app/Contents/Developer/Toolchains/XcodeDefault.xctoolchain/usr/bin/ld) is GNU ld
configure:4257: result: no
configure:4269: checking for BSD- or MS-compatible name lister (nm)
configure:4318: result: /usr/bin/nm
configure:4440: checking the name lister (/usr/bin/nm) interface
configure:4447: gcc -c -g -O2  conftest.c >&5
configure:4450: /usr/bin/nm "conftest.o"
configure:4453: output
00000000000001e8 S _some_variable
configure:4460: result: BSD nm
configure:4463: checking whether ln -s works
configure:4467: result: yes
configure:4475: checking the maximum length of command line arguments
configure:4595: result: 196608
configure:4612: checking whether the shell understands some XSI constructs
configure:4622: result: yes
configure:4626: checking whether the shell understands "+="
configure:4632: result: yes
configure:4667: checking for /Applications/Xcode.app/Contents/Developer/Toolchains/XcodeDefault.xctoolchain/usr/bin/ld option to reload object files
configure:4674: result: -r
configure:4701: checking how to recognize dependent libraries
configure:4891: result: pass_all
configure:4951: checking for ar
configure:4967: found /usr/bin/ar
configure:4978: result: ar
configure:5060: checking for strip
configure:5076: found /usr/bin/strip
configure:5087: result: strip
configure:5163: checking for ranlib
configure:5179: found /usr/bin/ranlib
configure:5190: result: ranlib
configure:5284: checking command to parse /usr/bin/nm output from gcc object
configure:5402: gcc -c -g -O2  conftest.c >&5
configure:5405: $? = 0
configure:5409: /usr/bin/nm conftest.o \| sed -n -e 's/^.*[	 ]\([BCDEGRST][BCDEGRST]*\)[	 ][	 ]*\([_A-Za-z][_A-Za-z0-9]*\)$/\1 \2 \2/p' \> conftest.nm
configure:5412: $? = 0
cannot find nm_test_var in conftest.nm
configure:5402: gcc -c -g -O2  conftest.c >&5
configure:5405: $? = 0
configure:5409: /usr/bin/nm conftest.o \| sed -n -e 's/^.*[	 ]\([BCDEGRST][BCDEGRST]*\)[	 ][	 ]*_\([_A-Za-z][_A-Za-z0-9]*\)$/\1 _\2 \2/p' \> conftest.nm
configure:5412: $? = 0
configure:5466: gcc -o conftest -g -O2   conftest.c conftstm.o >&5
configure:5469: $? = 0
configure:5507: result: ok
configure:5797: checking for dsymutil
configure:5813: found /usr/bin/dsymutil
configure:5824: result: dsymutil
configure:5893: checking for nmedit
configure:5909: found /usr/bin/nmedit
configure:5920: result: nmedit
configure:5989: checking for lipo
configure:6005: found /usr/bin/lipo
configure:6016: result: lipo
configure:6085: checking for otool
configure:6101: found /usr/bin/otool
configure:6112: result: otool
configure:6181: checking for otool64
configure:6211: result: no
configure:6260: checking for -single_module linker flag
gcc -g -O2  -o libconftest.dylib -dynamiclib -Wl,-single_module conftest.c
configure:6287: result: yes
configure:6289: checking for -exported_symbols_list linker flag
configure:6319: gcc -o conftest -g -O2   -Wl,-exported_symbols_list,conftest.sym conftest.c  >&5
configure:6325: $? = 0
configure:6344: result: yes
configure:6386: checking how to run the C preprocessor
configure:6426: gcc -E  conftest.c
configure:6432: $? = 0
configure:6463: gcc -E  conftest.c
conftest.c:8:10: fatal error: 'ac_nonexistent.h' file not found
#include <ac_nonexistent.h>
         ^
1 error generated.
configure:6469: $? = 1
configure: failed program was:
| /* confdefs.h.  */
| #define PACKAGE_NAME "cpktool"
| #define PACKAGE_TARNAME "cpktool"
| #define PACKAGE_VERSION "0.8"
| #define PACKAGE_STRING "cpktool 0.8"
| #define PACKAGE_BUGREPORT "guan@pku.edu.cn"
| /* end confdefs.h.  */
| #include <ac_nonexistent.h>
configure:6502: result: gcc -E
configure:6531: gcc -E  conftest.c
configure:6537: $? = 0
configure:6568: gcc -E  conftest.c
conftest.c:8:10: fatal error: 'ac_nonexistent.h' file not found
#include <ac_nonexistent.h>
         ^
1 error generated.
configure:6574: $? = 1
configure: failed program was:
| /* confdefs.h.  */
| #define PACKAGE_NAME "cpktool"
| #define PACKAGE_TARNAME "cpktool"
| #define PACKAGE_VERSION "0.8"
| #define PACKAGE_STRING "cpktool 0.8"
| #define PACKAGE_BUGREPORT "guan@pku.edu.cn"
| /* end confdefs.h.  */
| #include <ac_nonexistent.h>
configure:6612: checking for ANSI C header files
configure:6642: gcc -c -g -O2  conftest.c >&5
configure:6648: $? = 0
configure:6747: gcc -o conftest -g -O2   conftest.c  >&5
configure:6750: $? = 0
configure:6756: ./conftest
configure:6759: $? = 0
configure:6776: result: yes
configure:6800: checking for sys/types.h
configure:6821: gcc -c -g -O2  conftest.c >&5
configure:6827: $? = 0
configure:6843: result: yes
configure:6800: checking for sys/stat.h
configure:6821: gcc -c -g -O2  conftest.c >&5
configure:6827: $? = 0
configure:6843: result: yes
configure:6800: checking for stdlib.h
configure:6821: gcc -c -g -O2  conftest.c >&5
configure:6827: $? = 0
configure:6843: result: yes
configure:6800: checking for string.h
configure:6821: gcc -c -g -O2  conftest.c >&5
configure:6827: $? = 0
configure:6843: result: yes
configure:6800: checking for memory.h
configure:6821: gcc -c -g -O2  conftest.c >&5
configure:6827: $? = 0
configure:6843: result: yes
configure:6800: checking for strings.h
configure:6821: gcc -c -g -O2  conftest.c >&5
configure:6827: $? = 0
configure:6843: result: yes
configure:6800: checking for inttypes.h
configure:6821: gcc -c -g -O2  conftest.c >&5
configure:6827: $? = 0
configure:6843: result: yes
configure:6800: checking for stdint.h
configure:6821: gcc -c -g -O2  conftest.c >&5
configure:6827: $? = 0
configure:6843: result: yes
configure:6800: checking for unistd.h
configure:6821: gcc -c -g -O2  conftest.c >&5
configure:6827: $? = 0
configure:6843: result: yes
configure:6859: checking for dlfcn.h
configure:6880: gcc -c -g -O2  conftest.c >&5
configure:6886: $? = 0
configure:6902: result: yes
configure:7086: checking for objdir
configure:7101: result: .libs
configure:7393: checking if gcc supports -fno-rtti -fno-exceptions
configure:7411: gcc -c -g -O2  -fno-rtti -fno-exceptions conftest.c >&5
configure:7415: $? = 0
configure:7428: result: yes
configure:7448: checking for gcc option to produce PIC
configure:7705: result: -fno-common -DPIC
configure:7717: checking if gcc PIC flag -fno-common -DPIC works
configure:7735: gcc -c -g -O2  -fno-common -DPIC -DPIC conftest.c >&5
configure:7739: $? = 0
configure:7752: result: yes
configure:7776: checking if gcc static flag -static works
configure:7804: result: no
configure:7819: checking if gcc supports -c -o file.o
configure:7840: gcc -c -g -O2  -o out/conftest2.o conftest.c >&5
configure:7844: $? = 0
configure:7866: result: yes
configure:7874: checking if gcc supports -c -o file.o
configure:7921: result: yes
configure:7954: checking whether the gcc linker (/Applications/Xcode.app/Contents/Developer/Toolchains/XcodeDefault.xctoolchain/usr/bin/ld) supports shared libraries
configure:9008: result: yes
configure:9247: checking dynamic linker characteristics
configure:9926: result: darwin14.3.0 dyld
configure:10028: checking how to hardcode library paths into programs
configure:10053: result: immediate
configure:10866: checking whether stripping libraries is possible
configure:10880: result: yes
configure:10906: checking if libtool supports shared libraries
configure:10908: result: yes
configure:10911: checking whether to build shared libraries
configure:10932: result: yes
configure:10935: checking whether to build static libraries
configure:10939: result: yes
configure:11121: creating ./config.status

## ---------------------- ##
## Running config.status. ##
## ---------------------- ##

This file was extended by cpktool config.status 0.8, which was
generated by GNU Autoconf 2.61.  Invocation command line was

  CONFIG_FILES    = 
  CONFIG_HEADERS  = 
  CONFIG_LINKS    = 
  CONFIG_COMMANDS = 
  $ ./config.status 

on tatooine.local

config.status:826: creating Makefile
config.status:1017: executing depfiles commands
config.status:1017: executing libtool commands

## ---------------- ##
## Cache variables. ##
## ---------------- ##

ac_cv_build=i386-apple-darwin14.3.0
ac_cv_c_compiler_gnu=yes
ac_cv_env_CC_set=
ac_cv_env_CC_value=
ac_cv_env_CFLAGS_set=
ac_cv_env_CFLAGS_value=
ac_cv_env_CPPFLAGS_set=
ac_cv_env_CPPFLAGS_value=
ac_cv_env_CPP_set=
ac_cv_env_CPP_value=
ac_cv_env_LDFLAGS_set=
ac_cv_env_LDFLAGS_value=
ac_cv_env_LIBS_set=
ac_cv_env_LIBS_value=
ac_cv_env_build_alias_set=
ac_cv_env_build_alias_value=
ac_cv_env_host_alias_set=
ac_cv_env_host_alias_value=
ac_cv_env_target_alias_set=
ac_cv_env_target_alias_value=
ac_cv_header_dlfcn_h=yes
ac_cv_header_inttypes_h=yes
ac_cv_header_memory_h=yes
ac_cv_header_stdc=yes
ac_cv_header_stdint_h=yes
ac_cv_header_stdlib_h=yes
ac_cv_header_string_h=yes
ac_cv_header_strings_h=yes
ac_cv_header_sys_stat_h=yes
ac_cv_header_sys_types_h=yes
ac_cv_header_unistd_h=yes
ac_cv_host=i386-apple-darwin14.3.0
ac_cv_objext=o
ac_cv_path_EGREP='/usr/bin/grep -E'
ac_cv_path_FGREP='/usr/bin/grep -F'
ac_cv_path_GREP=/usr/bin/grep
ac_cv_path_SED=/usr/bin/sed
ac_cv_path_install='/usr/bin/install -c'
ac_cv_prog_AWK=awk
ac_cv_prog_CPP='gcc -E'
ac_cv_prog_ac_ct_AR=ar
ac_cv_prog_ac_ct_CC=gcc
ac_cv_prog_ac_ct_DSYMUTIL=dsymutil
ac_cv_prog_ac_ct_LIPO=lipo
ac_cv_prog_ac_ct_NMEDIT=nmedit
ac_cv_prog_ac_ct_OTOOL=otool
ac_cv_prog_ac_ct_RANLIB=ranlib
ac_cv_prog_ac_ct_STRIP=strip
ac_cv_prog_cc_c89=
ac_cv_prog_cc_g=yes
ac_cv_prog_cc_gcc_c_o=yes
ac_cv_prog_make_make_set=yes
am_cv_CC_dependencies_compiler_type=gcc3
lt_cv_apple_cc_single_mod=yes
lt_cv_deplibs_check_method=pass_all
lt_cv_file_magic_cmd='$MAGIC_CMD'
lt_cv_file_magic_test_file=
lt_cv_ld_exported_symbols_list=yes
lt_cv_ld_reload_flag=-r
lt_cv_nm_interface='BSD nm'
lt_cv_objdir=.libs
lt_cv_path_LD=/Applications/Xcode.app/Contents/Developer/Toolchains/XcodeDefault.xctoolchain/usr/bin/ld
lt_cv_path_NM=/usr/bin/nm
lt_cv_prog_compiler_c_o=yes
lt_cv_prog_compiler_pic_works=yes
lt_cv_prog_compiler_rtti_exceptions=yes
lt_cv_prog_compiler_static_works=no
lt_cv_prog_gnu_ld=no
lt_cv_sys_global_symbol_pipe='sed -n -e '\''s/^.*[	 ]\([BCDEGRST][BCDEGRST]*\)[	 ][	 ]*_\([_A-Za-z][_A-Za-z0-9]*\)$/\1 _\2 \2/p'\'''
lt_cv_sys_global_symbol_to_c_name_address='sed -n -e '\''s/^: \([^ ]*\) $/  {\"\1\", (void *) 0},/p'\'' -e '\''s/^[BCDEGRST]* \([^ ]*\) \([^ ]*\)$/  {"\2", (void *) \&\2},/p'\'''
lt_cv_sys_global_symbol_to_c_name_address_lib_prefix='sed -n -e '\''s/^: \([^ ]*\) $/  {\"\1\", (void *) 0},/p'\'' -e '\''s/^[BCDEGRST]* \([^ ]*\) \(lib[^ ]*\)$/  {"\2", (void *) \&\2},/p'\'' -e '\''s/^[BCDEGRST]* \([^ ]*\) \([^ ]*\)$/  {"lib\2", (void *) \&\2},/p'\'''
lt_cv_sys_global_symbol_to_cdecl='sed -n -e '\''s/^T .* \(.*\)$/extern int \1();/p'\'' -e '\''s/^[BCDEGRST]* .* \(.*\)$/extern char \1;/p'\'''
lt_cv_sys_max_cmd_len=196608

## ----------------- ##
## Output variables. ##
## ----------------- ##

ACLOCAL='${SHELL} /Users/guanzhi/code/github/cpktool/missing --run aclocal-1.10'
AMDEPBACKSLASH='\'
AMDEP_FALSE='#'
AMDEP_TRUE=''
AMTAR='${SHELL} /Users/guanzhi/code/github/cpktool/missing --run tar'
AR='ar'
AUTOCONF='${SHELL} /Users/guanzhi/code/github/cpktool/missing --run autoconf'
AUTOHEADER='${SHELL} /Users/guanzhi/code/github/cpktool/missing --run autoheader'
AUTOMAKE='${SHELL} /Users/guanzhi/code/github/cpktool/missing --run automake-1.10'
AWK='awk'
CC='gcc'
CCDEPMODE='depmode=gcc3'
CFLAGS='-g -O2'
CPP='gcc -E'
CPPFLAGS=''
CYGPATH_W='echo'
DEFS='-DPACKAGE_NAME=\"cpktool\" -DPACKAGE_TARNAME=\"cpktool\" -DPACKAGE_VERSION=\"0.8\" -DPACKAGE_STRING=\"cpktool\ 0.8\" -DPACKAGE_BUGREPORT=\"guan@pku.edu.cn\" -DSTDC_HEADERS=1 -DHAVE_SYS_TYPES_H=1 -DHAVE_SYS_STAT_H=1 -DHAVE_STDLIB_H=1 -DHAVE_STRING_H=1 -DHAVE_MEMORY_H=1 -DHAVE_STRINGS_H=1 -DHAVE_INTTYPES_H=1 -DHAVE_STDINT_H=1 -DHAVE_UNISTD_H=1 -DHAVE_DLFCN_H=1 -DLT_OBJDIR=\".libs/\"'
DEPDIR='.deps'
DSYMUTIL='dsymutil'
DUMPBIN=''
ECHO_C='ECHO_N=''
ECHO_T=''
EGREP='/usr/bin/grep -E'
EXEEXT=''
FGREP='/usr/bin/grep -F'
GREP='/usr/bin/grep'
INSTALL_DATA='${INSTALL} -m 644'
INSTALL_PROGRAM='${INSTALL}'
INSTALL_SCRIPT='${INSTALL}'
INSTALL_STRIP_PROGRAM='$(install_sh) -c -s'
LD='/Applications/Xcode.app/Contents/Developer/Toolchains/XcodeDefault.xctoolchain/usr/bin/ld'
LDFLAGS=''
LIBOBJS=''
LIBS=''
LIBTOOL='$(SHELL) $(top_builddir)/libtool'
LIPO='lipo'
LN_S='ln -s'
LTLIBOBJS=''
MAKEINFO='${SHELL} /Users/guanzhi/code/github/cpktool/missing --run makeinfo'
NM='/usr/bin/nm'
NMEDIT='nmedit'
OBJEXT='o'
OTOOL64=':'
OTOOL='otool'
PACKAGE='cpktool'
PACKAGE_BUGREPORT='guan@pku.edu.cn'
PACKAGE_NAME='cpktool'
PACKAGE_STRING='cpktool 0.8'
PACKAGE_TARNAME='cpktool'
PACKAGE_VERSION='0.8'
PATH_SEPARATOR=':'
RANLIB='ranlib'
SED='/usr/bin/sed'
SET_MAKE=''
SHELL='/bin/sh'
STRIP='strip'
VERSION='0.8'
ac_ct_CC='gcc'
ac_ct_DUMPBIN=''
am__fastdepCC_FALSE='#'
am__fastdepCC_TRUE=''
am__include='include'
am__isrc=''
am__leading_dot='.'
am__quote=''
am__tar='${AMTAR} chof - "$$tardir"'
am__untar='${AMTAR} xf -'
bindir='${exec_prefix}/bin'
build='i386-apple-darwin14.3.0'
build_alias=''
build_cpu='i386'
build_os='darwin14.3.0'
build_vendor='apple'
datadir='${datarootdir}'
datarootdir='${prefix}/share'
docdir='${datarootdir}/doc/${PACKAGE_TARNAME}'
dvidir='${docdir}'
exec_prefix='${prefix}'
host='i386-apple-darwin14.3.0'
host_alias=''
host_cpu='i386'
host_os='darwin14.3.0'
host_vendor='apple'
htmldir='${docdir}'
includedir='${prefix}/include'
infodir='${datarootdir}/info'
install_sh='$(SHELL) /Users/guanzhi/code/github/cpktool/install-sh'
libdir='${exec_prefix}/lib'
libexecdir='${exec_prefix}/libexec'
localedir='${datarootdir}/locale'
localstatedir='${prefix}/var'
lt_ECHO='/bin/echo'
mandir='${datarootdir}/man'
mkdir_p='$(top_builddir)/./install-sh -c -d'
oldincludedir='/usr/include'
pdfdir='${docdir}'
prefix='/usr/local'
program_transform_name='s,x,x,'
psdir='${docdir}'
sbindir='${exec_prefix}/sbin'
sharedstatedir='${prefix}/com'
sysconfdir='${prefix}/etc'
target_alias=''

## ----------- ##
## confdefs.h. ##
## ----------- ##

#define PACKAGE_NAME "cpktool"
#define PACKAGE_TARNAME "cpktool"
#define PACKAGE_VERSION "0.8"
#define PACKAGE_STRING "cpktool 0.8"
#define PACKAGE_BUGREPORT "guan@pku.edu.cn"
#define STDC_HEADERS 1
#define HAVE_SYS_TYPES_H 1
#define HAVE_SYS_STAT_H 1
#define HAVE_STDLIB_H 1
#define HAVE_STRING_H 1
#define HAVE_MEMORY_H 1
#define HAVE_STRINGS_H 1
#define HAVE_INTTYPES_H 1
#define HAVE_STDINT_H 1
#define HAVE_UNISTD_H 1
#define HAVE_DLFCN_H 1
#define LT_OBJDIR ".libs/"

configure: exit 0
